<?xml version="1.0" encoding="UTF-8"?>
<!-- Generated by org.testng.reporters.JUnitXMLReporter -->
<testsuite hostname="UDI-DCK8703" name="Test" tests="5" failures="1" timestamp="19 May 2020 16:55:20 GMT" time="20.874" errors="0">
  <testcase name="acessar_o_produto" time="0.0" classname="steps.CT01">
    <skipped/>
  </testcase> <!-- acessar_o_produto -->
  <testcase name="clicar_em_comprar" time="20.259" classname="steps.CT01">
    <failure type="org.openqa.selenium.TimeoutException" message="Time (20) exceeded to find element: By.xpath: //div[contains(@class,&amp;apos;Wrapper-sc-1i9za0i-3&amp;apos;)]//span[text()=&amp;apos;comprar&amp;apos;]/../..
Build info: version: &amp;apos;3.4.0&amp;apos;, revision: &amp;apos;unknown&amp;apos;, time: &amp;apos;unknown&amp;apos;
System info: host: &amp;apos;UDI-DCK8703&amp;apos;, ip: &amp;apos;192.168.0.3&amp;apos;, os.name: &amp;apos;Windows 10&amp;apos;, os.arch: &amp;apos;amd64&amp;apos;, os.version: &amp;apos;10.0&amp;apos;, java.version: &amp;apos;1.8.0_251&amp;apos;
Driver info: driver.version: unknown">
      <![CDATA[org.openqa.selenium.TimeoutException: Time (20) exceeded to find element: By.xpath: //div[contains(@class,'Wrapper-sc-1i9za0i-3')]//span[text()='comprar']/../..
Build info: version: '3.4.0', revision: 'unknown', time: 'unknown'
System info: host: 'UDI-DCK8703', ip: '192.168.0.3', os.name: 'Windows 10', os.arch: 'amd64', os.version: '10.0', java.version: '1.8.0_251'
Driver info: driver.version: unknown
	at page.BasePage.waitElement(BasePage.java:67)
	at page.ProductPage.addProductToCart(ProductPage.java:10)
	at steps.CT01.clicar_em_comprar(CT01.java:56)
... Removed 24 stack frames]]>
    </failure>
  </testcase> <!-- clicar_em_comprar -->
  <testcase name="pesquisar_o_produto" time="0.0" classname="steps.CT01">
    <skipped/>
  </testcase> <!-- pesquisar_o_produto -->
  <testcase name="produto_adicionado_ao_carrinho" time="0.0" classname="steps.CT01">
    <skipped/>
  </testcase> <!-- produto_adicionado_ao_carrinho -->
  <testcase name="que_ao_acessar_o_sistema" time="0.0" classname="steps.CT01">
    <skipped/>
  </testcase> <!-- que_ao_acessar_o_sistema -->
</testsuite> <!-- Test -->
